{"/home/runner/work/obsx/obsx/src/bubble.ts": {"path":"/home/runner/work/obsx/obsx/src/bubble.ts","statementMap":{"0":{"start":{"line":1,"column":0},"end":{"line":1,"column":43}},"1":{"start":{"line":3,"column":22},"end":{"line":9,"column":1}},"2":{"start":{"line":7,"column":1},"end":{"line":8,"column":32}},"3":{"start":{"line":7,"column":4},"end":{"line":7,"column":12}},"4":{"start":{"line":3,"column":13},"end":{"line":3,"column":22}}},"fnMap":{"0":{"name":"(anonymous_0)","decl":{"start":{"line":3,"column":22},"end":{"line":3,"column":null}},"loc":{"start":{"line":6,"column":4},"end":{"line":9,"column":1}}}},"branchMap":{},"s":{"0":11,"1":11,"2":126,"3":371,"4":11},"f":{"0":126},"b":{}}
,"/home/runner/work/obsx/obsx/src/emit.ts": {"path":"/home/runner/work/obsx/obsx/src/emit.ts","statementMap":{"0":{"start":{"line":1,"column":0},"end":{"line":1,"column":35}},"1":{"start":{"line":2,"column":0},"end":{"line":2,"column":null}},"2":{"start":{"line":21,"column":1},"end":{"line":21,"column":21}},"3":{"start":{"line":21,"column":14},"end":{"line":21,"column":21}},"4":{"start":{"line":22,"column":1},"end":{"line":28,"column":null}},"5":{"start":{"line":23,"column":2},"end":{"line":27,"column":null}},"6":{"start":{"line":25,"column":3},"end":{"line":25,"column":21}},"7":{"start":{"line":26,"column":3},"end":{"line":26,"column":25}},"8":{"start":{"line":15,"column":0},"end":{"line":15,"column":16}}},"fnMap":{"0":{"name":"emit","decl":{"start":{"line":15,"column":16},"end":{"line":15,"column":20}},"loc":{"start":{"line":19,"column":23},"end":{"line":29,"column":1}}}},"branchMap":{"0":{"loc":{"start":{"line":19,"column":1},"end":{"line":19,"column":23}},"type":"default-arg","locations":[{"start":{"line":19,"column":21},"end":{"line":19,"column":23}}]},"1":{"loc":{"start":{"line":21,"column":1},"end":{"line":21,"column":21}},"type":"if","locations":[{"start":{"line":21,"column":1},"end":{"line":21,"column":21}}]},"2":{"loc":{"start":{"line":23,"column":2},"end":{"line":27,"column":null}},"type":"if","locations":[{"start":{"line":23,"column":2},"end":{"line":27,"column":null}}]}},"s":{"0":11,"1":11,"2":336,"3":1,"4":335,"5":323,"6":113,"7":113,"8":11},"f":{"0":336},"b":{"0":[8],"1":[1],"2":[113]}}
,"/home/runner/work/obsx/obsx/src/ignore.ts": {"path":"/home/runner/work/obsx/obsx/src/ignore.ts","statementMap":{"0":{"start":{"line":1,"column":11},"end":{"line":1,"column":27}},"1":{"start":{"line":4,"column":12},"end":{"line":4,"column":19}},"2":{"start":{"line":5,"column":1},"end":{"line":5,"column":16}},"3":{"start":{"line":6,"column":1},"end":{"line":6,"column":6}},"4":{"start":{"line":7,"column":1},"end":{"line":7,"column":16}},"5":{"start":{"line":3,"column":0},"end":{"line":3,"column":16}}},"fnMap":{"0":{"name":"ignore","decl":{"start":{"line":3,"column":16},"end":{"line":3,"column":22}},"loc":{"start":{"line":3,"column":37},"end":{"line":8,"column":1}}}},"branchMap":{},"s":{"0":11,"1":4,"2":4,"3":4,"4":4,"5":11},"f":{"0":4},"b":{}}
,"/home/runner/work/obsx/obsx/src/index.ts": {"path":"/home/runner/work/obsx/obsx/src/index.ts","statementMap":{"0":{"start":{"line":1,"column":0},"end":{"line":1,"column":25}},"1":{"start":{"line":2,"column":0},"end":{"line":2,"column":23}},"2":{"start":{"line":3,"column":0},"end":{"line":3,"column":26}},"3":{"start":{"line":4,"column":0},"end":{"line":4,"column":21}},"4":{"start":{"line":5,"column":0},"end":{"line":5,"column":22}},"5":{"start":{"line":6,"column":0},"end":{"line":6,"column":24}},"6":{"start":{"line":7,"column":0},"end":{"line":7,"column":24}},"7":{"start":{"line":8,"column":0},"end":{"line":8,"column":25}}},"fnMap":{},"branchMap":{},"s":{"0":11,"1":11,"2":11,"3":11,"4":11,"5":11,"6":11,"7":11},"f":{},"b":{}}
,"/home/runner/work/obsx/obsx/src/observe.ts": {"path":"/home/runner/work/obsx/obsx/src/observe.ts","statementMap":{"0":{"start":{"line":1,"column":0},"end":{"line":1,"column":43}},"1":{"start":{"line":2,"column":0},"end":{"line":2,"column":28}},"2":{"start":{"line":3,"column":0},"end":{"line":3,"column":30}},"3":{"start":{"line":4,"column":0},"end":{"line":4,"column":34}},"4":{"start":{"line":8,"column":12},"end":{"line":8,"column":18}},"5":{"start":{"line":9,"column":10},"end":{"line":9,"column":20}},"6":{"start":{"line":9,"column":16},"end":{"line":9,"column":20}},"7":{"start":{"line":10,"column":1},"end":{"line":10,"column":32}},"8":{"start":{"line":7,"column":0},"end":{"line":7,"column":16}},"9":{"start":{"line":19,"column":1},"end":{"line":23,"column":21}},"10":{"start":{"line":24,"column":1},"end":{"line":48,"column":4}},"11":{"start":{"line":26,"column":3},"end":{"line":26,"column":37}},"12":{"start":{"line":26,"column":20},"end":{"line":26,"column":37}},"13":{"start":{"line":27,"column":13},"end":{"line":43,"column":null}},"14":{"start":{"line":29,"column":5},"end":{"line":29,"column":14}},"15":{"start":{"line":30,"column":5},"end":{"line":30,"column":25}},"16":{"start":{"line":33,"column":5},"end":{"line":33,"column":24}},"17":{"start":{"line":34,"column":25},"end":{"line":34,"column":27}},"18":{"start":{"line":35,"column":5},"end":{"line":35,"column":52}},"19":{"start":{"line":35,"column":24},"end":{"line":35,"column":50}},"20":{"start":{"line":38,"column":5},"end":{"line":38,"column":14}},"21":{"start":{"line":39,"column":15},"end":{"line":39,"column":36}},"22":{"start":{"line":40,"column":5},"end":{"line":40,"column":45}},"23":{"start":{"line":41,"column":5},"end":{"line":41,"column":16}},"24":{"start":{"line":46,"column":3},"end":{"line":46,"column":28}}},"fnMap":{"0":{"name":"observe","decl":{"start":{"line":7,"column":16},"end":{"line":7,"column":23}},"loc":{"start":{"line":7,"column":34},"end":{"line":11,"column":1}}},"1":{"name":"(anonymous_1)","decl":{"start":{"line":9,"column":10},"end":{"line":9,"column":13}},"loc":{"start":{"line":9,"column":16},"end":{"line":9,"column":20}}},"2":{"name":"_observe","decl":{"start":{"line":13,"column":9},"end":{"line":13,"column":17}},"loc":{"start":{"line":17,"column":11},"end":{"line":49,"column":1}}},"3":{"name":"(anonymous_3)","decl":{"start":{"line":25,"column":2},"end":{"line":25,"column":5}},"loc":{"start":{"line":25,"column":19},"end":{"line":47,"column":3}}},"4":{"name":"(anonymous_4)","decl":{"start":{"line":28,"column":4},"end":{"line":28,"column":7}},"loc":{"start":{"line":28,"column":9},"end":{"line":31,"column":5}}},"5":{"name":"(anonymous_5)","decl":{"start":{"line":32,"column":4},"end":{"line":32,"column":5}},"loc":{"start":{"line":32,"column":14},"end":{"line":36,"column":5}}},"6":{"name":"(anonymous_6)","decl":{"start":{"line":35,"column":17},"end":{"line":35,"column":18}},"loc":{"start":{"line":35,"column":24},"end":{"line":35,"column":50}}},"7":{"name":"(anonymous_7)","decl":{"start":{"line":37,"column":4},"end":{"line":37,"column":5}},"loc":{"start":{"line":37,"column":21},"end":{"line":42,"column":5}}}},"branchMap":{"0":{"loc":{"start":{"line":26,"column":3},"end":{"line":26,"column":37}},"type":"if","locations":[{"start":{"line":26,"column":3},"end":{"line":26,"column":37}}]}},"s":{"0":11,"1":11,"2":11,"3":11,"4":27,"5":27,"6":331,"7":27,"8":11,"9":77,"10":77,"11":1253,"12":1203,"13":50,"14":545,"15":545,"16":110,"17":110,"18":110,"19":328,"20":4,"21":4,"22":4,"23":4,"24":50},"f":{"0":27,"1":331,"2":77,"3":1253,"4":545,"5":110,"6":328,"7":4},"b":{"0":[1203]}}
,"/home/runner/work/obsx/obsx/src/on.ts": {"path":"/home/runner/work/obsx/obsx/src/on.ts","statementMap":{"0":{"start":{"line":1,"column":0},"end":{"line":1,"column":63}},"1":{"start":{"line":8,"column":11},"end":{"line":8,"column":27}},"2":{"start":{"line":9,"column":1},"end":{"line":9,"column":29}},"3":{"start":{"line":10,"column":1},"end":{"line":10,"column":42}},"4":{"start":{"line":10,"column":14},"end":{"line":10,"column":41}},"5":{"start":{"line":3,"column":0},"end":{"line":3,"column":16}}},"fnMap":{"0":{"name":"on","decl":{"start":{"line":3,"column":16},"end":{"line":3,"column":18}},"loc":{"start":{"line":6,"column":62},"end":{"line":11,"column":1}}},"1":{"name":"(anonymous_1)","decl":{"start":{"line":10,"column":8},"end":{"line":10,"column":11}},"loc":{"start":{"line":10,"column":14},"end":{"line":10,"column":41}}}},"branchMap":{},"s":{"0":11,"1":42,"2":42,"3":42,"4":14,"5":11},"f":{"0":42,"1":14},"b":{}}
,"/home/runner/work/obsx/obsx/src/run.ts": {"path":"/home/runner/work/obsx/obsx/src/run.ts","statementMap":{"0":{"start":{"line":1,"column":0},"end":{"line":1,"column":32}},"1":{"start":{"line":4,"column":54},"end":{"line":4,"column":62}},"2":{"start":{"line":4,"column":11},"end":{"line":4,"column":54}},"3":{"start":{"line":7,"column":28},"end":{"line":7,"column":30}},"4":{"start":{"line":8,"column":12},"end":{"line":15,"column":2}},"5":{"start":{"line":9,"column":2},"end":{"line":9,"column":31}},"6":{"start":{"line":9,"column":27},"end":{"line":9,"column":31}},"7":{"start":{"line":10,"column":2},"end":{"line":10,"column":17}},"8":{"start":{"line":11,"column":13},"end":{"line":11,"column":16}},"9":{"start":{"line":12,"column":2},"end":{"line":12,"column":52}},"10":{"start":{"line":12,"column":18},"end":{"line":12,"column":51}},"11":{"start":{"line":13,"column":2},"end":{"line":13,"column":7}},"12":{"start":{"line":14,"column":2},"end":{"line":14,"column":13}},"13":{"start":{"line":16,"column":1},"end":{"line":16,"column":8}},"14":{"start":{"line":6,"column":0},"end":{"line":6,"column":16}}},"fnMap":{"0":{"name":"(anonymous_0)","decl":{"start":{"line":4,"column":54},"end":{"line":4,"column":57}},"loc":{"start":{"line":4,"column":59},"end":{"line":4,"column":62}}},"1":{"name":"run","decl":{"start":{"line":6,"column":16},"end":{"line":6,"column":19}},"loc":{"start":{"line":6,"column":34},"end":{"line":17,"column":1}}},"2":{"name":"(anonymous_2)","decl":{"start":{"line":8,"column":12},"end":{"line":8,"column":15}},"loc":{"start":{"line":8,"column":17},"end":{"line":15,"column":2}}},"3":{"name":"(anonymous_3)","decl":{"start":{"line":12,"column":8},"end":{"line":12,"column":9}},"loc":{"start":{"line":12,"column":18},"end":{"line":12,"column":51}}}},"branchMap":{},"s":{"0":11,"1":11,"2":11,"3":4,"4":4,"5":6,"6":4,"7":6,"8":6,"9":6,"10":10,"11":6,"12":6,"13":4,"14":11},"f":{"0":539,"1":4,"2":6,"3":10},"b":{}}
,"/home/runner/work/obsx/obsx/src/types.ts": {"path":"/home/runner/work/obsx/obsx/src/types.ts","statementMap":{"0":{"start":{"line":1,"column":13},"end":{"line":1,"column":35}}},"fnMap":{},"branchMap":{},"s":{"0":11},"f":{},"b":{}}
,"/home/runner/work/obsx/obsx/src/watch.ts": {"path":"/home/runner/work/obsx/obsx/src/watch.ts","statementMap":{"0":{"start":{"line":1,"column":0},"end":{"line":1,"column":34}},"1":{"start":{"line":2,"column":0},"end":{"line":2,"column":26}},"2":{"start":{"line":6,"column":28},"end":{"line":6,"column":30}},"3":{"start":{"line":7,"column":1},"end":{"line":7,"column":61}},"4":{"start":{"line":7,"column":21},"end":{"line":7,"column":59}},"5":{"start":{"line":8,"column":1},"end":{"line":8,"column":44}},"6":{"start":{"line":8,"column":14},"end":{"line":8,"column":43}},"7":{"start":{"line":8,"column":39},"end":{"line":8,"column":42}},"8":{"start":{"line":5,"column":0},"end":{"line":5,"column":16}}},"fnMap":{"0":{"name":"watch","decl":{"start":{"line":5,"column":16},"end":{"line":5,"column":21}},"loc":{"start":{"line":5,"column":67},"end":{"line":9,"column":1}}},"1":{"name":"(anonymous_1)","decl":{"start":{"line":7,"column":14},"end":{"line":7,"column":15}},"loc":{"start":{"line":7,"column":21},"end":{"line":7,"column":59}}},"2":{"name":"(anonymous_2)","decl":{"start":{"line":8,"column":8},"end":{"line":8,"column":11}},"loc":{"start":{"line":8,"column":14},"end":{"line":8,"column":43}}},"3":{"name":"(anonymous_3)","decl":{"start":{"line":8,"column":32},"end":{"line":8,"column":33}},"loc":{"start":{"line":8,"column":39},"end":{"line":8,"column":42}}}},"branchMap":{},"s":{"0":11,"1":11,"2":15,"3":15,"4":39,"5":15,"6":5,"7":13,"8":11},"f":{"0":15,"1":39,"2":5,"3":13},"b":{}}
}
