TN:
SF:src/bubble.ts
FN:3,(anonymous_0)
FNF:1
FNH:1
FNDA:126,(anonymous_0)
DA:1,11
DA:3,11
DA:7,371
LF:3
LH:3
BRF:0
BRH:0
end_of_record
TN:
SF:src/emit.ts
FN:15,emit
FNF:1
FNH:1
FNDA:336,emit
DA:1,11
DA:2,11
DA:15,11
DA:21,336
DA:22,335
DA:23,323
DA:25,113
DA:26,113
LF:8
LH:8
BRDA:19,0,0,8
BRDA:21,1,0,1
BRDA:23,2,0,113
BRF:3
BRH:3
end_of_record
TN:
SF:src/ignore.ts
FN:3,ignore
FNF:1
FNH:1
FNDA:4,ignore
DA:1,11
DA:3,11
DA:4,4
DA:5,4
DA:6,4
DA:7,4
LF:6
LH:6
BRF:0
BRH:0
end_of_record
TN:
SF:src/index.ts
FNF:0
FNH:0
DA:1,11
DA:2,11
DA:3,11
DA:4,11
DA:5,11
DA:6,11
DA:7,11
DA:8,11
LF:8
LH:8
BRF:0
BRH:0
end_of_record
TN:
SF:src/observe.ts
FN:7,observe
FN:9,(anonymous_1)
FN:13,_observe
FN:25,(anonymous_3)
FN:28,(anonymous_4)
FN:32,(anonymous_5)
FN:35,(anonymous_6)
FN:37,(anonymous_7)
FNF:8
FNH:8
FNDA:27,observe
FNDA:331,(anonymous_1)
FNDA:77,_observe
FNDA:1253,(anonymous_3)
FNDA:545,(anonymous_4)
FNDA:110,(anonymous_5)
FNDA:328,(anonymous_6)
FNDA:4,(anonymous_7)
DA:1,11
DA:2,11
DA:3,11
DA:4,11
DA:7,11
DA:8,27
DA:9,331
DA:10,27
DA:19,77
DA:24,77
DA:26,1253
DA:27,50
DA:29,545
DA:30,545
DA:33,110
DA:34,110
DA:35,328
DA:38,4
DA:39,4
DA:40,4
DA:41,4
DA:46,50
LF:22
LH:22
BRDA:26,0,0,1203
BRF:1
BRH:1
end_of_record
TN:
SF:src/on.ts
FN:3,on
FN:10,(anonymous_1)
FNF:2
FNH:2
FNDA:42,on
FNDA:14,(anonymous_1)
DA:1,11
DA:3,11
DA:8,42
DA:9,42
DA:10,42
LF:5
LH:5
BRF:0
BRH:0
end_of_record
TN:
SF:src/run.ts
FN:4,(anonymous_0)
FN:6,run
FN:8,(anonymous_2)
FN:12,(anonymous_3)
FNF:4
FNH:4
FNDA:539,(anonymous_0)
FNDA:4,run
FNDA:6,(anonymous_2)
FNDA:10,(anonymous_3)
DA:1,11
DA:4,11
DA:6,11
DA:7,4
DA:8,4
DA:9,6
DA:10,6
DA:11,6
DA:12,10
DA:13,6
DA:14,6
DA:16,4
LF:12
LH:12
BRF:0
BRH:0
end_of_record
TN:
SF:src/types.ts
FNF:0
FNH:0
DA:1,11
LF:1
LH:1
BRF:0
BRH:0
end_of_record
TN:
SF:src/watch.ts
FN:5,watch
FN:7,(anonymous_1)
FN:8,(anonymous_2)
FN:8,(anonymous_3)
FNF:4
FNH:4
FNDA:15,watch
FNDA:39,(anonymous_1)
FNDA:5,(anonymous_2)
FNDA:13,(anonymous_3)
DA:1,11
DA:2,11
DA:5,11
DA:6,15
DA:7,39
DA:8,15
LF:6
LH:6
BRF:0
BRH:0
end_of_record
